<?xml version="1.0" encoding="UTF-8"?>
<testsuite xmlns:xsi="http://www.w3.org/2001/XMLSchema-instance" xsi:noNamespaceSchemaLocation="https://maven.apache.org/surefire/maven-surefire-plugin/xsd/surefire-test-report.xsd" name="TestSuite" time="13.26" tests="2" errors="0" skipped="0" failures="0">
  <properties>
[...]
</properties>
  <testcase name="SignIn" classname="com.FlipKartE2E.TC_001_SignInTest" time="1.995"/>
  <testcase name="Autentication" classname="com.FlipKartE2E.TC_001_SignInTest" time="0.427"/>
</testsuite>