<?xml version="1.0" encoding="UTF-8"?>
<testng-results skipped="0" failed="0" ignored="0" total="2" passed="2">
  <reporter-output>
  </reporter-output>
  <suite name="E2E_FlipKart" duration-ms="12496" started-at="2018-07-08T07:13:51Z" finished-at="2018-07-08T07:14:04Z">
    <groups>
    </groups>
    <test name="SignIN" duration-ms="12496" started-at="2018-07-08T07:13:51Z" finished-at="2018-07-08T07:14:04Z">
      <class name="com.FlipKartE2E.TC_001_SignInTest">
        <test-method status="PASS" signature="setup()[pri:0, instance:com.FlipKartE2E.TC_001_SignInTest@3567135c]" name="setup" is-config="true" duration-ms="10017" started-at="2018-07-08T07:13:51Z" finished-at="2018-07-08T07:14:01Z">
          <reporter-output>
          </reporter-output>
        </test-method> <!-- setup -->
        <test-method status="PASS" signature="SignIn()[pri:0, instance:com.FlipKartE2E.TC_001_SignInTest@3567135c]" name="SignIn" duration-ms="1996" started-at="2018-07-08T07:14:01Z" finished-at="2018-07-08T07:14:03Z">
          <reporter-output>
          </reporter-output>
        </test-method> <!-- SignIn -->
        <test-method status="PASS" signature="Autentication(DataProvider.Autentication)[pri:0, instance:com.FlipKartE2E.TC_001_SignInTest@3567135c]" name="Autentication" duration-ms="428" started-at="2018-07-08T07:14:03Z" data-provider="getSignInDetails" depends-on-methods="com.FlipKartE2E.TC_001_SignInTest.SignIn" finished-at="2018-07-08T07:14:04Z">
          <params>
            <param index="0">
              <value>
                <![CDATA[DataProvider.Autentication@1c481ff2]]>
              </value>
            </param>
          </params>
          <reporter-output>
          </reporter-output>
        </test-method> <!-- Autentication -->
      </class> <!-- com.FlipKartE2E.TC_001_SignInTest -->
    </test> <!-- SignIN -->
  </suite> <!-- E2E_FlipKart -->
</testng-results>
