<?xml version="1.0" encoding="UTF-8"?>
<testng-results skipped="0" failed="0" ignored="0" total="2" passed="2">
  <reporter-output>
  </reporter-output>
  <suite name="E2E_FlipKart" duration-ms="12192" started-at="2018-07-08T14:38:43Z" finished-at="2018-07-08T14:38:55Z">
    <groups>
    </groups>
    <test name="SignIN" duration-ms="12192" started-at="2018-07-08T14:38:43Z" finished-at="2018-07-08T14:38:55Z">
      <class name="com.FlipKartE2E.TC_001_SignInTest">
        <test-method status="PASS" signature="setup()[pri:0, instance:com.FlipKartE2E.TC_001_SignInTest@59f99ea]" name="setup" is-config="true" duration-ms="9735" started-at="2018-07-08T14:38:43Z" finished-at="2018-07-08T14:38:53Z">
          <reporter-output>
          </reporter-output>
        </test-method> <!-- setup -->
        <test-method status="PASS" signature="SignIn()[pri:0, instance:com.FlipKartE2E.TC_001_SignInTest@59f99ea]" name="SignIn" duration-ms="1982" started-at="2018-07-08T14:38:53Z" finished-at="2018-07-08T14:38:55Z">
          <reporter-output>
          </reporter-output>
        </test-method> <!-- SignIn -->
        <test-method status="PASS" signature="Autentication(DataProvider.Autentication)[pri:0, instance:com.FlipKartE2E.TC_001_SignInTest@59f99ea]" name="Autentication" duration-ms="399" started-at="2018-07-08T14:38:55Z" data-provider="getSignInDetails" depends-on-methods="com.FlipKartE2E.TC_001_SignInTest.SignIn" finished-at="2018-07-08T14:38:55Z">
          <params>
            <param index="0">
              <value>
                <![CDATA[DataProvider.Autentication@1a72a540]]>
              </value>
            </param>
          </params>
          <reporter-output>
          </reporter-output>
        </test-method> <!-- Autentication -->
      </class> <!-- com.FlipKartE2E.TC_001_SignInTest -->
    </test> <!-- SignIN -->
  </suite> <!-- E2E_FlipKart -->
</testng-results>
